<?xml version="1.0" encoding="UTF-8"?>
<!-- Generated by org.testng.reporters.JUnitXMLReporter -->
<testsuite ignored="1" hostname="DESKTOP-K29ICC0" failures="0" tests="2" name="Test" time="1.969" errors="0" timestamp="2023-01-11T11:39:24 IST">
  <testcase classname="generic.basetest" name="@BeforeMethod lauchBrowser" time="-1.673417362328E9">
    <failure type="org.testng.TestNGException" message="
Parameter &amp;apos;BrowserName&amp;apos; is required by BeforeMethod on method lauchBrowser but has not been marked @Optional or defined
in G:\Selenium_Workspace\Actitime_Framework\AutomationSuite.xml">
      <![CDATA[org.testng.TestNGException: 
Parameter 'BrowserName' is required by BeforeMethod on method lauchBrowser but has not been marked @Optional or defined
in G:\Selenium_Workspace\Actitime_Framework\AutomationSuite.xml
at java.base/java.util.ArrayList.forEach(ArrayList.java:1541)
... Removed 28 stack frames]]>
    </failure>
  </testcase> <!-- @BeforeMethod lauchBrowser -->
  <testcase classname="generic.basetest" name="@AfterMethod closeBrowser" time="-1.673417362365E9">
    <skipped/>
  </testcase> <!-- @AfterMethod closeBrowser -->
  <testcase classname="generic.basetest" name="@BeforeMethod lauchBrowser" time="-1.673417364191E9">
    <failure type="org.testng.TestNGException" message="
Parameter &amp;apos;BrowserName&amp;apos; is required by BeforeMethod on method lauchBrowser but has not been marked @Optional or defined
in G:\Selenium_Workspace\Actitime_Framework\AutomationSuite.xml">
      <![CDATA[org.testng.TestNGException: 
Parameter 'BrowserName' is required by BeforeMethod on method lauchBrowser but has not been marked @Optional or defined
in G:\Selenium_Workspace\Actitime_Framework\AutomationSuite.xml
at java.base/java.util.ArrayList.forEach(ArrayList.java:1541)
... Removed 28 stack frames]]>
    </failure>
  </testcase> <!-- @BeforeMethod lauchBrowser -->
  <testcase classname="generic.basetest" name="@AfterMethod closeBrowser" time="-1.673417364228E9">
    <skipped/>
  </testcase> <!-- @AfterMethod closeBrowser -->
  <testcase classname="scripts.p1" name="actiLoginScript" time="0.0">
    <skipped/>
  </testcase> <!-- actiLoginScript -->
  <testcase classname="scripts.p2" name="addUserScript" time="0.0">
    <skipped/>
  </testcase> <!-- addUserScript -->
  <testcase classname="generic.basetest" name="@AfterSuite killDriver" time="0.0">
    <ignored/>
  </testcase> <!-- @AfterSuite killDriver -->
</testsuite> <!-- Test -->
